<?xml version="1.0" encoding="UTF-8"?>
<robot generator="Robot 7.3.2 (Python 3.12.3 on linux)" generated="2025-11-06T14:20:04.442162" rpa="false" schemaversion="5">
<suite id="s1" name="Tests" source="/home/eng-rafael-suzano-cruz/Projetos/robot_json/tests">
<suite id="s1-s1" name="Login Test" source="/home/eng-rafael-suzano-cruz/Projetos/robot_json/tests/login_test.robot">
<test id="s1-s1-t1" name="${cenarios}=" line="14">
<kw name="Executar Login">
<msg time="2025-11-06T14:20:04.516045" level="FAIL">Keyword 'Executar Login' expected 4 arguments, got 2.</msg>
<arg>Ler Dados De Login Do Arquivo</arg>
<arg>${DATA_FILE}</arg>
<status status="FAIL" start="2025-11-06T14:20:04.515832" elapsed="0.000277">Keyword 'Executar Login' expected 4 arguments, got 2.</status>
</kw>
<status status="FAIL" start="2025-11-06T14:20:04.515241" elapsed="0.001068">Keyword 'Executar Login' expected 4 arguments, got 2.</status>
</test>
<test id="s1-s1-t2" name="FOR" line="15">
<kw name="Executar Login">
<msg time="2025-11-06T14:20:04.517097" level="FAIL">Variable '${login}' not found. Did you mean:
    ${LOG_FILE}</msg>
<arg>${login}</arg>
<arg>IN</arg>
<arg>@{cenarios}</arg>
<status status="FAIL" start="2025-11-06T14:20:04.516692" elapsed="0.000434">Variable '${login}' not found. Did you mean:
    ${LOG_FILE}</status>
</kw>
<kw name="Executar Login">
<msg time="2025-11-06T14:20:04.517688" level="FAIL">Resolving variable '${login["scenario"]}' failed: Variable '${login}' not found. Did you mean:
    ${LOG_FILE}</msg>
<arg>${login["scenario"]}</arg>
<arg>${login["username"]}</arg>
<arg>${login["password"]}</arg>
<arg>${login["expected_status"]}</arg>
<arg>${login["expected_message"]}</arg>
<status status="FAIL" start="2025-11-06T14:20:04.517242" elapsed="0.000470">Resolving variable '${login["scenario"]}' failed: Variable '${login}' not found. Did you mean:
    ${LOG_FILE}</status>
</kw>
<status status="FAIL" start="2025-11-06T14:20:04.516462" elapsed="0.001376">Several failures occurred:

1) Variable '${login}' not found. Did you mean:
    ${LOG_FILE}

2) Resolving variable '${login["scenario"]}' failed: Variable '${login}' not found. Did you mean:
    ${LOG_FILE}</status>
</test>
<test id="s1-s1-t3" name="END" line="17">
<status status="FAIL" start="2025-11-06T14:20:04.517965" elapsed="0.000252">Test cannot be empty.</status>
</test>
<doc>Teste de login dinâmico usando dados do JSON e RequestsLibrary</doc>
<status status="FAIL" start="2025-11-06T14:20:04.459326" elapsed="0.059070"/>
</suite>
<status status="FAIL" start="2025-11-06T14:20:04.442825" elapsed="0.075882"/>
</suite>
<statistics>
<total>
<stat pass="0" fail="3" skip="0">All Tests</stat>
</total>
<tag>
</tag>
<suite>
<stat name="Tests" id="s1" pass="0" fail="3" skip="0">Tests</stat>
<stat name="Login Test" id="s1-s1" pass="0" fail="3" skip="0">Tests.Login Test</stat>
</suite>
</statistics>
<errors>
<msg time="2025-11-06T14:20:04.514523" level="ERROR">Error in file '/home/eng-rafael-suzano-cruz/Projetos/robot_json/tests/login_test.robot' on line 6: Resource file '../resources/keywords.robot' does not exist.</msg>
</errors>
</robot>
